# JRE version: OpenJDK Runtime Environment Temurin-21.0.7+6 (21.0.7+6) (build 21.0.7+6-LTS)
# Java VM: OpenJDK 64-Bit Server VM Temurin-21.0.7+6 (21.0.7+6-LTS, mixed mode, sharing, tiered, compressed oops, compressed class ptrs, parallel gc, windows-amd64)
GC Precious Log:
 CardTable entry size: 512
 CPUs: 12 total, 12 available
 Memory: 16122M
 Large Page Support: Disabled
 NUMA Support: Disabled
 Compressed Oops: Enabled (32-bit)
 Alignments: Space 512K, Generation 512K, Heap 2M
 Heap Min Capacity: 100M
 Heap Initial Capacity: 100M
 Heap Max Capacity: 1G
 Pre-touch: Disabled
 Parallel Workers: 10
Heap:
 PSYoungGen      total 24064K, used 19012K [0x00000000eab00000, 0x00000000ecb80000, 0x0000000100000000)
  eden space 22016K, 77% used [0x00000000eab00000,0x00000000ebb95430,0x00000000ec080000)
  from space 2048K, 99% used [0x00000000ec700000,0x00000000ec8fbc60,0x00000000ec900000)
  to   space 2560K, 0% used [0x00000000ec900000,0x00000000ec900000,0x00000000ecb80000)
 ParOldGen       total 68608K, used 34059K [0x00000000c0000000, 0x00000000c4300000, 0x00000000eab00000)
  object space 68608K, 49% used [0x00000000c0000000,0x00000000c2142d28,0x00000000c4300000)
 Metaspace       used 47539K, committed 48768K, reserved 1114112K
  class space    used 5361K, committed 5888K, reserved 1048576K
GC Heap History (20 events):
Event: 7.012 GC heap before
{Heap before GC invocations=14 (full 1):
 PSYoungGen      total 24064K, used 5693K [0x00000000eab00000, 0x00000000ec680000, 0x0000000100000000)
  eden space 22016K, 17% used [0x00000000eab00000,0x00000000eaec75e0,0x00000000ec080000)
  from space 2048K, 89% used [0x00000000ec480000,0x00000000ec648000,0x00000000ec680000)
  to   space 2048K, 0% used [0x00000000ec280000,0x00000000ec280000,0x00000000ec480000)
 ParOldGen       total 68608K, used 17448K [0x00000000c0000000, 0x00000000c4300000, 0x00000000eab00000)
  object space 68608K, 25% used [0x00000000c0000000,0x00000000c110a360,0x00000000c4300000)
 Metaspace       used 34753K, committed 35840K, reserved 1114112K
  class space    used 3557K, committed 4096K, reserved 1048576K
}
Event: 7.014 GC heap after
{Heap after GC invocations=14 (full 1):
 PSYoungGen      total 22528K, used 384K [0x00000000eab00000, 0x00000000ec500000, 0x0000000100000000)
  eden space 22016K, 0% used [0x00000000eab00000,0x00000000eab00000,0x00000000ec080000)
  from space 512K, 75% used [0x00000000ec280000,0x00000000ec2e0000,0x00000000ec300000)
  to   space 1024K, 0% used [0x00000000ec400000,0x00000000ec400000,0x00000000ec500000)
 ParOldGen       total 68608K, used 18973K [0x00000000c0000000, 0x00000000c4300000, 0x00000000eab00000)
  object space 68608K, 27% used [0x00000000c0000000,0x00000000c1287480,0x00000000c4300000)
 Metaspace       used 34753K, committed 35840K, reserved 1114112K
  class space    used 3557K, committed 4096K, reserved 1048576K
}
Event: 7.014 GC heap before
{Heap before GC invocations=15 (full 2):
 PSYoungGen      total 22528K, used 384K [0x00000000eab00000, 0x00000000ec500000, 0x0000000100000000)
  eden space 22016K, 0% used [0x00000000eab00000,0x00000000eab00000,0x00000000ec080000)
  from space 512K, 75% used [0x00000000ec280000,0x00000000ec2e0000,0x00000000ec300000)
  to   space 1024K, 0% used [0x00000000ec400000,0x00000000ec400000,0x00000000ec500000)
 ParOldGen       total 68608K, used 18973K [0x00000000c0000000, 0x00000000c4300000, 0x00000000eab00000)
  object space 68608K, 27% used [0x00000000c0000000,0x00000000c1287480,0x00000000c4300000)
 Metaspace       used 34753K, committed 35840K, reserved 1114112K
  class space    used 3557K, committed 4096K, reserved 1048576K
}
Event: 7.035 GC heap after
{Heap after GC invocations=15 (full 2):
 PSYoungGen      total 22528K, used 0K [0x00000000eab00000, 0x00000000ec500000, 0x0000000100000000)
  eden space 22016K, 0% used [0x00000000eab00000,0x00000000eab00000,0x00000000ec080000)
  from space 512K, 0% used [0x00000000ec280000,0x00000000ec280000,0x00000000ec300000)
  to   space 1024K, 0% used [0x00000000ec400000,0x00000000ec400000,0x00000000ec500000)
 ParOldGen       total 68608K, used 18357K [0x00000000c0000000, 0x00000000c4300000, 0x00000000eab00000)
  object space 68608K, 26% used [0x00000000c0000000,0x00000000c11ed5f0,0x00000000c4300000)
 Metaspace       used 34753K, committed 35840K, reserved 1114112K
  class space    used 3557K, committed 4096K, reserved 1048576K
}
Event: 7.141 GC heap before
{Heap before GC invocations=16 (full 2):
 PSYoungGen      total 22528K, used 22016K [0x00000000eab00000, 0x00000000ec500000, 0x0000000100000000)
  eden space 22016K, 100% used [0x00000000eab00000,0x00000000ec080000,0x00000000ec080000)
  from space 512K, 0% used [0x00000000ec280000,0x00000000ec280000,0x00000000ec300000)
  to   space 1024K, 0% used [0x00000000ec400000,0x00000000ec400000,0x00000000ec500000)
 ParOldGen       total 68608K, used 18357K [0x00000000c0000000, 0x00000000c4300000, 0x00000000eab00000)
  object space 68608K, 26% used [0x00000000c0000000,0x00000000c11ed5f0,0x00000000c4300000)
 Metaspace       used 37453K, committed 38592K, reserved 1114112K
  class space    used 3941K, committed 4480K, reserved 1048576K
}
Event: 7.142 GC heap after
{Heap after GC invocations=16 (full 2):
 PSYoungGen      total 23040K, used 992K [0x00000000eab00000, 0x00000000ec500000, 0x0000000100000000)
  eden space 22016K, 0% used [0x00000000eab00000,0x00000000eab00000,0x00000000ec080000)
  from space 1024K, 96% used [0x00000000ec400000,0x00000000ec4f8000,0x00000000ec500000)
  to   space 1536K, 0% used [0x00000000ec200000,0x00000000ec200000,0x00000000ec380000)
 ParOldGen       total 68608K, used 18365K [0x00000000c0000000, 0x00000000c4300000, 0x00000000eab00000)
  object space 68608K, 26% used [0x00000000c0000000,0x00000000c11ef5f0,0x00000000c4300000)
 Metaspace       used 37453K, committed 38592K, reserved 1114112K
  class space    used 3941K, committed 4480K, reserved 1048576K
}
Event: 7.246 GC heap before
{Heap before GC invocations=17 (full 2):
 PSYoungGen      total 23040K, used 23008K [0x00000000eab00000, 0x00000000ec500000, 0x0000000100000000)
  eden space 22016K, 100% used [0x00000000eab00000,0x00000000ec080000,0x00000000ec080000)
  from space 1024K, 96% used [0x00000000ec400000,0x00000000ec4f8000,0x00000000ec500000)
  to   space 1536K, 0% used [0x00000000ec200000,0x00000000ec200000,0x00000000ec380000)
 ParOldGen       total 68608K, used 18365K [0x00000000c0000000, 0x00000000c4300000, 0x00000000eab00000)
  object space 68608K, 26% used [0x00000000c0000000,0x00000000c11ef5f0,0x00000000c4300000)
 Metaspace       used 38317K, committed 39488K, reserved 1114112K
  class space    used 4071K, committed 4608K, reserved 1048576K
}
Event: 7.249 GC heap after
{Heap after GC invocations=17 (full 2):
 PSYoungGen      total 23552K, used 1523K [0x00000000eab00000, 0x00000000ed680000, 0x0000000100000000)
  eden space 22016K, 0% used [0x00000000eab00000,0x00000000eab00000,0x00000000ec080000)
  from space 1536K, 99% used [0x00000000ec200000,0x00000000ec37cc38,0x00000000ec380000)
  to   space 11264K, 0% used [0x00000000ecb80000,0x00000000ecb80000,0x00000000ed680000)
 ParOldGen       total 68608K, used 26476K [0x00000000c0000000, 0x00000000c4300000, 0x00000000eab00000)
  object space 68608K, 38% used [0x00000000c0000000,0x00000000c19db340,0x00000000c4300000)
 Metaspace       used 38317K, committed 39488K, reserved 1114112K
  class space    used 4071K, committed 4608K, reserved 1048576K
}
Event: 7.364 GC heap before
{Heap before GC invocations=18 (full 2):
 PSYoungGen      total 23552K, used 23539K [0x00000000eab00000, 0x00000000ed680000, 0x0000000100000000)
  eden space 22016K, 100% used [0x00000000eab00000,0x00000000ec080000,0x00000000ec080000)
  from space 1536K, 99% used [0x00000000ec200000,0x00000000ec37cc38,0x00000000ec380000)
  to   space 11264K, 0% used [0x00000000ecb80000,0x00000000ecb80000,0x00000000ed680000)
 ParOldGen       total 68608K, used 26476K [0x00000000c0000000, 0x00000000c4300000, 0x00000000eab00000)
  object space 68608K, 38% used [0x00000000c0000000,0x00000000c19db340,0x00000000c4300000)
 Metaspace       used 40176K, committed 41344K, reserved 1114112K
  class space    used 4333K, committed 4864K, reserved 1048576K
}
Event: 7.365 GC heap after
{Heap after GC invocations=18 (full 2):
 PSYoungGen      total 23040K, used 816K [0x00000000eab00000, 0x00000000ecc80000, 0x0000000100000000)
  eden space 22016K, 0% used [0x00000000eab00000,0x00000000eab00000,0x00000000ec080000)
  from space 1024K, 79% used [0x00000000ecb80000,0x00000000ecc4c1d0,0x00000000ecc80000)
  to   space 4096K, 0% used [0x00000000ec480000,0x00000000ec480000,0x00000000ec880000)
 ParOldGen       total 68608K, used 27982K [0x00000000c0000000, 0x00000000c4300000, 0x00000000eab00000)
  object space 68608K, 40% used [0x00000000c0000000,0x00000000c1b53aa0,0x00000000c4300000)
 Metaspace       used 40176K, committed 41344K, reserved 1114112K
  class space    used 4333K, committed 4864K, reserved 1048576K
}
Event: 7.475 GC heap before
{Heap before GC invocations=19 (full 2):
 PSYoungGen      total 23040K, used 22832K [0x00000000eab00000, 0x00000000ecc80000, 0x0000000100000000)
  eden space 22016K, 100% used [0x00000000eab00000,0x00000000ec080000,0x00000000ec080000)
  from space 1024K, 79% used [0x00000000ecb80000,0x00000000ecc4c1d0,0x00000000ecc80000)
  to   space 4096K, 0% used [0x00000000ec480000,0x00000000ec480000,0x00000000ec880000)
 ParOldGen       total 68608K, used 27982K [0x00000000c0000000, 0x00000000c4300000, 0x00000000eab00000)
  object space 68608K, 40% used [0x00000000c0000000,0x00000000c1b53aa0,0x00000000c4300000)
 Metaspace       used 41771K, committed 42944K, reserved 1114112K
  class space    used 4595K, committed 5120K, reserved 1048576K
}
Event: 7.477 GC heap after
{Heap after GC invocations=19 (full 2):
 PSYoungGen      total 26112K, used 928K [0x00000000eab00000, 0x00000000ecc00000, 0x0000000100000000)
  eden space 22016K, 0% used [0x00000000eab00000,0x00000000eab00000,0x00000000ec080000)
  from space 4096K, 22% used [0x00000000ec480000,0x00000000ec568000,0x00000000ec880000)
  to   space 1536K, 0% used [0x00000000eca80000,0x00000000eca80000,0x00000000ecc00000)
 ParOldGen       total 68608K, used 28494K [0x00000000c0000000, 0x00000000c4300000, 0x00000000eab00000)
  object space 68608K, 41% used [0x00000000c0000000,0x00000000c1bd3aa0,0x00000000c4300000)
 Metaspace       used 41771K, committed 42944K, reserved 1114112K
  class space    used 4595K, committed 5120K, reserved 1048576K
}
Event: 7.588 GC heap before
{Heap before GC invocations=20 (full 2):
 PSYoungGen      total 26112K, used 22944K [0x00000000eab00000, 0x00000000ecc00000, 0x0000000100000000)
  eden space 22016K, 100% used [0x00000000eab00000,0x00000000ec080000,0x00000000ec080000)
  from space 4096K, 22% used [0x00000000ec480000,0x00000000ec568000,0x00000000ec880000)
  to   space 1536K, 0% used [0x00000000eca80000,0x00000000eca80000,0x00000000ecc00000)
 ParOldGen       total 68608K, used 28494K [0x00000000c0000000, 0x00000000c4300000, 0x00000000eab00000)
  object space 68608K, 41% used [0x00000000c0000000,0x00000000c1bd3aa0,0x00000000c4300000)
 Metaspace       used 43430K, committed 44544K, reserved 1114112K
  class space    used 4797K, committed 5312K, reserved 1048576K
}
Event: 7.589 GC heap after
{Heap after GC invocations=20 (full 2):
 PSYoungGen      total 23040K, used 896K [0x00000000eab00000, 0x00000000ecb80000, 0x0000000100000000)
  eden space 22016K, 0% used [0x00000000eab00000,0x00000000eab00000,0x00000000ec080000)
  from space 1024K, 87% used [0x00000000eca80000,0x00000000ecb60000,0x00000000ecb80000)
  to   space 1024K, 0% used [0x00000000ec980000,0x00000000ec980000,0x00000000eca80000)
 ParOldGen       total 68608K, used 29226K [0x00000000c0000000, 0x00000000c4300000, 0x00000000eab00000)
  object space 68608K, 42% used [0x00000000c0000000,0x00000000c1c8aab0,0x00000000c4300000)
 Metaspace       used 43430K, committed 44544K, reserved 1114112K
  class space    used 4797K, committed 5312K, reserved 1048576K
}
Event: 7.719 GC heap before
{Heap before GC invocations=21 (full 2):
 PSYoungGen      total 23040K, used 22912K [0x00000000eab00000, 0x00000000ecb80000, 0x0000000100000000)
  eden space 22016K, 100% used [0x00000000eab00000,0x00000000ec080000,0x00000000ec080000)
  from space 1024K, 87% used [0x00000000eca80000,0x00000000ecb60000,0x00000000ecb80000)
  to   space 1024K, 0% used [0x00000000ec980000,0x00000000ec980000,0x00000000eca80000)
 ParOldGen       total 68608K, used 29226K [0x00000000c0000000, 0x00000000c4300000, 0x00000000eab00000)
  object space 68608K, 42% used [0x00000000c0000000,0x00000000c1c8aab0,0x00000000c4300000)
 Metaspace       used 44659K, committed 45824K, reserved 1114112K
  class space    used 4950K, committed 5504K, reserved 1048576K
}
Event: 7.721 GC heap after
{Heap after GC invocations=21 (full 2):
 PSYoungGen      total 23040K, used 1024K [0x00000000eab00000, 0x00000000ecb00000, 0x0000000100000000)
  eden space 22016K, 0% used [0x00000000eab00000,0x00000000eab00000,0x00000000ec080000)
  from space 1024K, 100% used [0x00000000ec980000,0x00000000eca80000,0x00000000eca80000)
  to   space 512K, 0% used [0x00000000eca80000,0x00000000eca80000,0x00000000ecb00000)
 ParOldGen       total 68608K, used 29891K [0x00000000c0000000, 0x00000000c4300000, 0x00000000eab00000)
  object space 68608K, 43% used [0x00000000c0000000,0x00000000c1d30e80,0x00000000c4300000)
 Metaspace       used 44659K, committed 45824K, reserved 1114112K
  class space    used 4950K, committed 5504K, reserved 1048576K
}
Event: 7.881 GC heap before
{Heap before GC invocations=22 (full 2):
 PSYoungGen      total 23040K, used 23040K [0x00000000eab00000, 0x00000000ecb00000, 0x0000000100000000)
  eden space 22016K, 100% used [0x00000000eab00000,0x00000000ec080000,0x00000000ec080000)
  from space 1024K, 100% used [0x00000000ec980000,0x00000000eca80000,0x00000000eca80000)
  to   space 512K, 0% used [0x00000000eca80000,0x00000000eca80000,0x00000000ecb00000)
 ParOldGen       total 68608K, used 29891K [0x00000000c0000000, 0x00000000c4300000, 0x00000000eab00000)
  object space 68608K, 43% used [0x00000000c0000000,0x00000000c1d30e80,0x00000000c4300000)
 Metaspace       used 45782K, committed 46976K, reserved 1114112K
  class space    used 5095K, committed 5632K, reserved 1048576K
}
Event: 7.882 GC heap after
{Heap after GC invocations=22 (full 2):
 PSYoungGen      total 22528K, used 512K [0x00000000eab00000, 0x00000000ecb00000, 0x0000000100000000)
  eden space 22016K, 0% used [0x00000000eab00000,0x00000000eab00000,0x00000000ec080000)
  from space 512K, 100% used [0x00000000eca80000,0x00000000ecb00000,0x00000000ecb00000)
  to   space 2048K, 0% used [0x00000000ec700000,0x00000000ec700000,0x00000000ec900000)
 ParOldGen       total 68608K, used 31158K [0x00000000c0000000, 0x00000000c4300000, 0x00000000eab00000)
  object space 68608K, 45% used [0x00000000c0000000,0x00000000c1e6dbb0,0x00000000c4300000)
 Metaspace       used 45782K, committed 46976K, reserved 1114112K
  class space    used 5095K, committed 5632K, reserved 1048576K
}
Event: 8.053 GC heap before
{Heap before GC invocations=23 (full 2):
 PSYoungGen      total 22528K, used 22528K [0x00000000eab00000, 0x00000000ecb00000, 0x0000000100000000)
  eden space 22016K, 100% used [0x00000000eab00000,0x00000000ec080000,0x00000000ec080000)
  from space 512K, 100% used [0x00000000eca80000,0x00000000ecb00000,0x00000000ecb00000)
  to   space 2048K, 0% used [0x00000000ec700000,0x00000000ec700000,0x00000000ec900000)
 ParOldGen       total 68608K, used 31158K [0x00000000c0000000, 0x00000000c4300000, 0x00000000eab00000)
  object space 68608K, 45% used [0x00000000c0000000,0x00000000c1e6dbb0,0x00000000c4300000)
 Metaspace       used 46692K, committed 47872K, reserved 1114112K
  class space    used 5227K, committed 5760K, reserved 1048576K
}
Event: 8.055 GC heap after
{Heap after GC invocations=23 (full 2):
 PSYoungGen      total 24064K, used 2031K [0x00000000eab00000, 0x00000000ecb80000, 0x0000000100000000)
  eden space 22016K, 0% used [0x00000000eab00000,0x00000000eab00000,0x00000000ec080000)
  from space 2048K, 99% used [0x00000000ec700000,0x00000000ec8fbc60,0x00000000ec900000)
  to   space 2560K, 0% used [0x00000000ec900000,0x00000000ec900000,0x00000000ecb80000)
 ParOldGen       total 68608K, used 34059K [0x00000000c0000000, 0x00000000c4300000, 0x00000000eab00000)
  object space 68608K, 49% used [0x00000000c0000000,0x00000000c2142d28,0x00000000c4300000)
 Metaspace       used 46692K, committed 47872K, reserved 1114112K
  class space    used 5227K, committed 5760K, reserved 1048576K
}

