# JRE version: OpenJDK Runtime Environment (21.0.3) (build 21.0.3+-12282718-b509.11)
# Java VM: OpenJDK 64-Bit Server VM (21.0.3+-12282718-b509.11, mixed mode, tiered, compressed oops, compressed class ptrs, g1 gc, windows-amd64)
GC Precious Log:
 CardTable entry size: 512
 Card Set container configuration: InlinePtr #cards 5 size 8 Array Of Cards #cards 12 size 40 Howl #buckets 4 coarsen threshold 1843 Howl Bitmap #cards 512 size 80 coarsen threshold 460 Card regions per heap region 1 cards per card region 2048
 CPUs: 12 total, 12 available
 Memory: 16122M
 Large Page Support: Disabled
 NUMA Support: Disabled
 Compressed Oops: Enabled (32-bit)
 Heap Region Size: 1M
 Heap Min Capacity: 8M
 Heap Initial Capacity: 252M
 Heap Max Capacity: 2G
 Pre-touch: Disabled
 Parallel Workers: 10
 Concurrent Workers: 3
 Concurrent Refinement Workers: 10
 Periodic GC: Disabled
Heap:
 garbage-first heap   total 205824K, used 120689K [0x0000000080000000, 0x0000000100000000)
  region size 1024K, 10 young (10240K), 7 survivors (7168K)
 Metaspace       used 96537K, committed 98624K, reserved 1179648K
  class space    used 13272K, committed 14336K, reserved 1048576K
GC Heap History (20 events):
Event: 4.561 GC heap before
{Heap before GC invocations=18 (full 0):
 garbage-first heap   total 133120K, used 119311K [0x0000000080000000, 0x0000000100000000)
  region size 1024K, 43 young (44032K), 5 survivors (5120K)
 Metaspace       used 71919K, committed 73728K, reserved 1114112K
  class space    used 9924K, committed 10816K, reserved 1048576K
}
Event: 4.566 GC heap after
{Heap after GC invocations=19 (full 0):
 garbage-first heap   total 159744K, used 85598K [0x0000000080000000, 0x0000000100000000)
  region size 1024K, 6 young (6144K), 6 survivors (6144K)
 Metaspace       used 71919K, committed 73728K, reserved 1114112K
  class space    used 9924K, committed 10816K, reserved 1048576K
}
Event: 4.672 GC heap before
{Heap before GC invocations=20 (full 0):
 garbage-first heap   total 162816K, used 142942K [0x0000000080000000, 0x0000000100000000)
  region size 1024K, 63 young (64512K), 6 survivors (6144K)
 Metaspace       used 72224K, committed 73984K, reserved 1114112K
  class space    used 9925K, committed 10816K, reserved 1048576K
}
Event: 4.676 GC heap after
{Heap after GC invocations=21 (full 0):
 garbage-first heap   total 162816K, used 87957K [0x0000000080000000, 0x0000000100000000)
  region size 1024K, 6 young (6144K), 6 survivors (6144K)
 Metaspace       used 72224K, committed 73984K, reserved 1114112K
  class space    used 9925K, committed 10816K, reserved 1048576K
}
Event: 4.747 GC heap before
{Heap before GC invocations=21 (full 0):
 garbage-first heap   total 162816K, used 146325K [0x0000000080000000, 0x0000000100000000)
  region size 1024K, 64 young (65536K), 6 survivors (6144K)
 Metaspace       used 72316K, committed 74048K, reserved 1114112K
  class space    used 9925K, committed 10816K, reserved 1048576K
}
Event: 4.750 GC heap after
{Heap after GC invocations=22 (full 0):
 garbage-first heap   total 162816K, used 87635K [0x0000000080000000, 0x0000000100000000)
  region size 1024K, 5 young (5120K), 5 survivors (5120K)
 Metaspace       used 72316K, committed 74048K, reserved 1114112K
  class space    used 9925K, committed 10816K, reserved 1048576K
}
Event: 4.813 GC heap before
{Heap before GC invocations=22 (full 0):
 garbage-first heap   total 162816K, used 110163K [0x0000000080000000, 0x0000000100000000)
  region size 1024K, 28 young (28672K), 5 survivors (5120K)
 Metaspace       used 72458K, committed 74304K, reserved 1114112K
  class space    used 9944K, committed 10880K, reserved 1048576K
}
Event: 4.815 GC heap after
{Heap after GC invocations=23 (full 0):
 garbage-first heap   total 162816K, used 88627K [0x0000000080000000, 0x0000000100000000)
  region size 1024K, 5 young (5120K), 5 survivors (5120K)
 Metaspace       used 72458K, committed 74304K, reserved 1114112K
  class space    used 9944K, committed 10880K, reserved 1048576K
}
Event: 5.128 GC heap before
{Heap before GC invocations=24 (full 0):
 garbage-first heap   total 162816K, used 153139K [0x0000000080000000, 0x0000000100000000)
  region size 1024K, 62 young (63488K), 5 survivors (5120K)
 Metaspace       used 76768K, committed 78656K, reserved 1179648K
  class space    used 10444K, committed 11392K, reserved 1048576K
}
Event: 5.132 GC heap after
{Heap after GC invocations=25 (full 0):
 garbage-first heap   total 165888K, used 101016K [0x0000000080000000, 0x0000000100000000)
  region size 1024K, 8 young (8192K), 8 survivors (8192K)
 Metaspace       used 76768K, committed 78656K, reserved 1179648K
  class space    used 10444K, committed 11392K, reserved 1048576K
}
Event: 5.448 GC heap before
{Heap before GC invocations=25 (full 0):
 garbage-first heap   total 165888K, used 152216K [0x0000000080000000, 0x0000000100000000)
  region size 1024K, 54 young (55296K), 8 survivors (8192K)
 Metaspace       used 81974K, committed 83904K, reserved 1179648K
  class space    used 11151K, committed 12160K, reserved 1048576K
}
Event: 5.452 GC heap after
{Heap after GC invocations=26 (full 0):
 garbage-first heap   total 166912K, used 108239K [0x0000000080000000, 0x0000000100000000)
  region size 1024K, 5 young (5120K), 5 survivors (5120K)
 Metaspace       used 81974K, committed 83904K, reserved 1179648K
  class space    used 11151K, committed 12160K, reserved 1048576K
}
Event: 5.473 GC heap before
{Heap before GC invocations=26 (full 0):
 garbage-first heap   total 166912K, used 113359K [0x0000000080000000, 0x0000000100000000)
  region size 1024K, 11 young (11264K), 5 survivors (5120K)
 Metaspace       used 81977K, committed 83904K, reserved 1179648K
  class space    used 11151K, committed 12160K, reserved 1048576K
}
Event: 5.476 GC heap after
{Heap after GC invocations=27 (full 0):
 garbage-first heap   total 205824K, used 105719K [0x0000000080000000, 0x0000000100000000)
  region size 1024K, 2 young (2048K), 2 survivors (2048K)
 Metaspace       used 81977K, committed 83904K, reserved 1179648K
  class space    used 11151K, committed 12160K, reserved 1048576K
}
Event: 5.914 GC heap before
{Heap before GC invocations=28 (full 0):
 garbage-first heap   total 205824K, used 180471K [0x0000000080000000, 0x0000000100000000)
  region size 1024K, 74 young (75776K), 2 survivors (2048K)
 Metaspace       used 86953K, committed 88896K, reserved 1179648K
  class space    used 11819K, committed 12800K, reserved 1048576K
}
Event: 5.917 GC heap after
{Heap after GC invocations=29 (full 0):
 garbage-first heap   total 205824K, used 112618K [0x0000000080000000, 0x0000000100000000)
  region size 1024K, 7 young (7168K), 7 survivors (7168K)
 Metaspace       used 86953K, committed 88896K, reserved 1179648K
  class space    used 11819K, committed 12800K, reserved 1048576K
}
Event: 6.270 GC heap before
{Heap before GC invocations=29 (full 0):
 garbage-first heap   total 205824K, used 186346K [0x0000000080000000, 0x0000000100000000)
  region size 1024K, 78 young (79872K), 7 survivors (7168K)
 Metaspace       used 91832K, committed 93824K, reserved 1179648K
  class space    used 12560K, committed 13568K, reserved 1048576K
}
Event: 6.274 GC heap after
{Heap after GC invocations=30 (full 0):
 garbage-first heap   total 205824K, used 114454K [0x0000000080000000, 0x0000000100000000)
  region size 1024K, 5 young (5120K), 5 survivors (5120K)
 Metaspace       used 91832K, committed 93824K, reserved 1179648K
  class space    used 12560K, committed 13568K, reserved 1048576K
}
Event: 6.720 GC heap before
{Heap before GC invocations=30 (full 0):
 garbage-first heap   total 205824K, used 167702K [0x0000000080000000, 0x0000000100000000)
  region size 1024K, 58 young (59392K), 5 survivors (5120K)
 Metaspace       used 96260K, committed 98304K, reserved 1179648K
  class space    used 13241K, committed 14272K, reserved 1048576K
}
Event: 6.724 GC heap after
{Heap after GC invocations=31 (full 0):
 garbage-first heap   total 205824K, used 116593K [0x0000000080000000, 0x0000000100000000)
  region size 1024K, 7 young (7168K), 7 survivors (7168K)
 Metaspace       used 96260K, committed 98304K, reserved 1179648K
  class space    used 13241K, committed 14272K, reserved 1048576K
}

