# JRE version: OpenJDK Runtime Environment (21.0.3) (build 21.0.3+-12282718-b509.11)
# Java VM: OpenJDK 64-Bit Server VM (21.0.3+-12282718-b509.11, mixed mode, tiered, compressed oops, compressed class ptrs, g1 gc, windows-amd64)
GC Precious Log:
 CardTable entry size: 512
 Card Set container configuration: InlinePtr #cards 5 size 8 Array Of Cards #cards 12 size 40 Howl #buckets 4 coarsen threshold 1843 Howl Bitmap #cards 512 size 80 coarsen threshold 460 Card regions per heap region 1 cards per card region 2048
 CPUs: 12 total, 12 available
 Memory: 16122M
 Large Page Support: Disabled
 NUMA Support: Disabled
 Compressed Oops: Enabled (32-bit)
 Heap Region Size: 1M
 Heap Min Capacity: 8M
 Heap Initial Capacity: 252M
 Heap Max Capacity: 2G
 Pre-touch: Disabled
 Parallel Workers: 10
 Concurrent Workers: 3
 Concurrent Refinement Workers: 10
 Periodic GC: Disabled
Heap:
 garbage-first heap   total 263168K, used 207905K [0x0000000080000000, 0x0000000100000000)
  region size 1024K, 89 young (91136K), 11 survivors (11264K)
 Metaspace       used 98360K, committed 100480K, reserved 1179648K
  class space    used 13588K, committed 14656K, reserved 1048576K
GC Heap History (20 events):
Event: 4.084 GC heap before
{Heap before GC invocations=17 (full 0):
 garbage-first heap   total 130048K, used 112278K [0x0000000080000000, 0x0000000100000000)
  region size 1024K, 37 young (37888K), 3 survivors (3072K)
 Metaspace       used 62736K, committed 64384K, reserved 1114112K
  class space    used 8537K, committed 9344K, reserved 1048576K
}
Event: 4.087 GC heap after
{Heap after GC invocations=18 (full 0):
 garbage-first heap   total 130048K, used 79094K [0x0000000080000000, 0x0000000100000000)
  region size 1024K, 5 young (5120K), 5 survivors (5120K)
 Metaspace       used 62736K, committed 64384K, reserved 1114112K
  class space    used 8537K, committed 9344K, reserved 1048576K
}
Event: 4.417 GC heap before
{Heap before GC invocations=18 (full 0):
 garbage-first heap   total 130048K, used 113910K [0x0000000080000000, 0x0000000100000000)
  region size 1024K, 39 young (39936K), 5 survivors (5120K)
 Metaspace       used 67246K, committed 68928K, reserved 1114112K
  class space    used 9255K, committed 10048K, reserved 1048576K
}
Event: 4.421 GC heap after
{Heap after GC invocations=19 (full 0):
 garbage-first heap   total 156672K, used 81230K [0x0000000080000000, 0x0000000100000000)
  region size 1024K, 5 young (5120K), 5 survivors (5120K)
 Metaspace       used 67246K, committed 68928K, reserved 1114112K
  class space    used 9255K, committed 10048K, reserved 1048576K
}
Event: 4.871 GC heap before
{Heap before GC invocations=20 (full 0):
 garbage-first heap   total 156672K, used 131406K [0x0000000080000000, 0x0000000100000000)
  region size 1024K, 54 young (55296K), 5 survivors (5120K)
 Metaspace       used 71718K, committed 73536K, reserved 1114112K
  class space    used 9930K, committed 10816K, reserved 1048576K
}
Event: 4.875 GC heap after
{Heap after GC invocations=21 (full 0):
 garbage-first heap   total 156672K, used 85984K [0x0000000080000000, 0x0000000100000000)
  region size 1024K, 7 young (7168K), 7 survivors (7168K)
 Metaspace       used 71718K, committed 73536K, reserved 1114112K
  class space    used 9930K, committed 10816K, reserved 1048576K
}
Event: 4.974 GC heap before
{Heap before GC invocations=21 (full 0):
 garbage-first heap   total 156672K, used 134112K [0x0000000080000000, 0x0000000100000000)
  region size 1024K, 55 young (56320K), 7 survivors (7168K)
 Metaspace       used 71982K, committed 73792K, reserved 1114112K
  class space    used 9930K, committed 10816K, reserved 1048576K
}
Event: 4.978 GC heap after
{Heap after GC invocations=22 (full 0):
 garbage-first heap   total 156672K, used 88362K [0x0000000080000000, 0x0000000100000000)
  region size 1024K, 5 young (5120K), 5 survivors (5120K)
 Metaspace       used 71982K, committed 73792K, reserved 1114112K
  class space    used 9930K, committed 10816K, reserved 1048576K
}
Event: 5.038 GC heap before
{Heap before GC invocations=22 (full 0):
 garbage-first heap   total 156672K, used 135466K [0x0000000080000000, 0x0000000100000000)
  region size 1024K, 52 young (53248K), 5 survivors (5120K)
 Metaspace       used 72188K, committed 73984K, reserved 1114112K
  class space    used 9930K, committed 10816K, reserved 1048576K
}
Event: 5.040 GC heap after
{Heap after GC invocations=23 (full 0):
 garbage-first heap   total 156672K, used 89047K [0x0000000080000000, 0x0000000100000000)
  region size 1024K, 5 young (5120K), 5 survivors (5120K)
 Metaspace       used 72188K, committed 73984K, reserved 1114112K
  class space    used 9930K, committed 10816K, reserved 1048576K
}
Event: 5.119 GC heap before
{Heap before GC invocations=24 (full 0):
 garbage-first heap   total 178176K, used 137175K [0x0000000080000000, 0x0000000100000000)
  region size 1024K, 53 young (54272K), 5 survivors (5120K)
 Metaspace       used 72248K, committed 74048K, reserved 1114112K
  class space    used 9930K, committed 10816K, reserved 1048576K
}
Event: 5.121 GC heap after
{Heap after GC invocations=25 (full 0):
 garbage-first heap   total 178176K, used 90045K [0x0000000080000000, 0x0000000100000000)
  region size 1024K, 5 young (5120K), 5 survivors (5120K)
 Metaspace       used 72248K, committed 74048K, reserved 1114112K
  class space    used 9930K, committed 10816K, reserved 1048576K
}
Event: 5.442 GC heap before
{Heap before GC invocations=25 (full 0):
 garbage-first heap   total 178176K, used 161725K [0x0000000080000000, 0x0000000100000000)
  region size 1024K, 69 young (70656K), 5 survivors (5120K)
 Metaspace       used 76018K, committed 77824K, reserved 1179648K
  class space    used 10409K, committed 11328K, reserved 1048576K
}
Event: 5.446 GC heap after
{Heap after GC invocations=26 (full 0):
 garbage-first heap   total 178176K, used 100920K [0x0000000080000000, 0x0000000100000000)
  region size 1024K, 9 young (9216K), 9 survivors (9216K)
 Metaspace       used 76018K, committed 77824K, reserved 1179648K
  class space    used 10409K, committed 11328K, reserved 1048576K
}
Event: 5.749 GC heap before
{Heap before GC invocations=26 (full 0):
 garbage-first heap   total 178176K, used 148024K [0x0000000080000000, 0x0000000100000000)
  region size 1024K, 56 young (57344K), 9 survivors (9216K)
 Metaspace       used 81914K, committed 83840K, reserved 1179648K
  class space    used 11162K, committed 12160K, reserved 1048576K
}
Event: 5.753 GC heap after
{Heap after GC invocations=27 (full 0):
 garbage-first heap   total 178176K, used 104307K [0x0000000080000000, 0x0000000100000000)
  region size 1024K, 4 young (4096K), 4 survivors (4096K)
 Metaspace       used 81914K, committed 83840K, reserved 1179648K
  class space    used 11162K, committed 12160K, reserved 1048576K
}
Event: 6.067 GC heap before
{Heap before GC invocations=28 (full 0):
 garbage-first heap   total 199680K, used 164723K [0x0000000080000000, 0x0000000100000000)
  region size 1024K, 58 young (59392K), 4 survivors (4096K)
 Metaspace       used 85127K, committed 87104K, reserved 1179648K
  class space    used 11604K, committed 12608K, reserved 1048576K
}
Event: 6.070 GC heap after
{Heap after GC invocations=29 (full 0):
 garbage-first heap   total 263168K, used 109656K [0x0000000080000000, 0x0000000100000000)
  region size 1024K, 8 young (8192K), 8 survivors (8192K)
 Metaspace       used 85127K, committed 87104K, reserved 1179648K
  class space    used 11604K, committed 12608K, reserved 1048576K
}
Event: 6.562 GC heap before
{Heap before GC invocations=29 (full 0):
 garbage-first heap   total 263168K, used 207960K [0x0000000080000000, 0x0000000100000000)
  region size 1024K, 103 young (105472K), 8 survivors (8192K)
 Metaspace       used 91362K, committed 93376K, reserved 1179648K
  class space    used 12493K, committed 13504K, reserved 1048576K
}
Event: 6.567 GC heap after
{Heap after GC invocations=30 (full 0):
 garbage-first heap   total 263168K, used 114721K [0x0000000080000000, 0x0000000100000000)
  region size 1024K, 11 young (11264K), 11 survivors (11264K)
 Metaspace       used 91362K, committed 93376K, reserved 1179648K
  class space    used 12493K, committed 13504K, reserved 1048576K
}

