# JRE version: OpenJDK Runtime Environment (21.0.3) (build 21.0.3+-12282718-b509.11)
# Java VM: OpenJDK 64-Bit Server VM (21.0.3+-12282718-b509.11, mixed mode, tiered, compressed oops, compressed class ptrs, g1 gc, windows-amd64)
GC Precious Log:
 CardTable entry size: 512
 Card Set container configuration: InlinePtr #cards 5 size 8 Array Of Cards #cards 12 size 40 Howl #buckets 4 coarsen threshold 1843 Howl Bitmap #cards 512 size 80 coarsen threshold 460 Card regions per heap region 1 cards per card region 2048
 CPUs: 12 total, 12 available
 Memory: 16122M
 Large Page Support: Disabled
 NUMA Support: Disabled
 Compressed Oops: Enabled (32-bit)
 Heap Region Size: 1M
 Heap Min Capacity: 8M
 Heap Initial Capacity: 252M
 Heap Max Capacity: 2G
 Pre-touch: Disabled
 Parallel Workers: 10
 Concurrent Workers: 3
 Concurrent Refinement Workers: 10
 Periodic GC: Disabled
Heap:
 garbage-first heap   total 267264K, used 142956K [0x0000000080000000, 0x0000000100000000)
  region size 1024K, 7 young (7168K), 7 survivors (7168K)
 Metaspace       used 101999K, committed 104192K, reserved 1179648K
  class space    used 14071K, committed 15168K, reserved 1048576K
GC Heap History (20 events):
Event: 4.441 GC heap after
{Heap after GC invocations=20 (full 0):
 garbage-first heap   total 158720K, used 87002K [0x0000000080000000, 0x0000000100000000)
  region size 1024K, 5 young (5120K), 5 survivors (5120K)
 Metaspace       used 71874K, committed 73664K, reserved 1114112K
  class space    used 9918K, committed 10816K, reserved 1048576K
}
Event: 4.504 GC heap before
{Heap before GC invocations=20 (full 0):
 garbage-first heap   total 158720K, used 131034K [0x0000000080000000, 0x0000000100000000)
  region size 1024K, 49 young (50176K), 5 survivors (5120K)
 Metaspace       used 72087K, committed 73920K, reserved 1114112K
  class space    used 9918K, committed 10816K, reserved 1048576K
}
Event: 4.506 GC heap after
{Heap after GC invocations=21 (full 0):
 garbage-first heap   total 158720K, used 88355K [0x0000000080000000, 0x0000000100000000)
  region size 1024K, 4 young (4096K), 4 survivors (4096K)
 Metaspace       used 72087K, committed 73920K, reserved 1114112K
  class space    used 9918K, committed 10816K, reserved 1048576K
}
Event: 4.579 GC heap before
{Heap before GC invocations=22 (full 0):
 garbage-first heap   total 174080K, used 133411K [0x0000000080000000, 0x0000000100000000)
  region size 1024K, 49 young (50176K), 4 survivors (4096K)
 Metaspace       used 72169K, committed 73984K, reserved 1114112K
  class space    used 9918K, committed 10816K, reserved 1048576K
}
Event: 4.581 GC heap after
{Heap after GC invocations=23 (full 0):
 garbage-first heap   total 174080K, used 88767K [0x0000000080000000, 0x0000000100000000)
  region size 1024K, 4 young (4096K), 4 survivors (4096K)
 Metaspace       used 72169K, committed 73984K, reserved 1114112K
  class space    used 9918K, committed 10816K, reserved 1048576K
}
Event: 4.776 GC heap before
{Heap before GC invocations=23 (full 0):
 garbage-first heap   total 174080K, used 153279K [0x0000000080000000, 0x0000000100000000)
  region size 1024K, 61 young (62464K), 4 survivors (4096K)
 Metaspace       used 73977K, committed 75776K, reserved 1114112K
  class space    used 10141K, committed 11072K, reserved 1048576K
}
Event: 4.779 GC heap after
{Heap after GC invocations=24 (full 0):
 garbage-first heap   total 222208K, used 100321K [0x0000000080000000, 0x0000000100000000)
  region size 1024K, 8 young (8192K), 8 survivors (8192K)
 Metaspace       used 73977K, committed 75776K, reserved 1114112K
  class space    used 10141K, committed 11072K, reserved 1048576K
}
Event: 5.259 GC heap before
{Heap before GC invocations=24 (full 0):
 garbage-first heap   total 222208K, used 170977K [0x0000000080000000, 0x0000000100000000)
  region size 1024K, 79 young (80896K), 8 survivors (8192K)
 Metaspace       used 81857K, committed 83840K, reserved 1179648K
  class space    used 11153K, committed 12160K, reserved 1048576K
}
Event: 5.263 GC heap after
{Heap after GC invocations=25 (full 0):
 garbage-first heap   total 222208K, used 104225K [0x0000000080000000, 0x0000000100000000)
  region size 1024K, 4 young (4096K), 4 survivors (4096K)
 Metaspace       used 81857K, committed 83840K, reserved 1179648K
  class space    used 11153K, committed 12160K, reserved 1048576K
}
Event: 5.713 GC heap before
{Heap before GC invocations=26 (full 0):
 garbage-first heap   total 222208K, used 197409K [0x0000000080000000, 0x0000000100000000)
  region size 1024K, 90 young (92160K), 4 survivors (4096K)
 Metaspace       used 86847K, committed 88832K, reserved 1179648K
  class space    used 11820K, committed 12800K, reserved 1048576K
}
Event: 5.717 GC heap after
{Heap after GC invocations=27 (full 0):
 garbage-first heap   total 222208K, used 113076K [0x0000000080000000, 0x0000000100000000)
  region size 1024K, 12 young (12288K), 12 survivors (12288K)
 Metaspace       used 86847K, committed 88832K, reserved 1179648K
  class space    used 11820K, committed 12800K, reserved 1048576K
}
Event: 6.117 GC heap before
{Heap before GC invocations=27 (full 0):
 garbage-first heap   total 222208K, used 193972K [0x0000000080000000, 0x0000000100000000)
  region size 1024K, 90 young (92160K), 12 survivors (12288K)
 Metaspace       used 92624K, committed 94720K, reserved 1179648K
  class space    used 12745K, committed 13760K, reserved 1048576K
}
Event: 6.122 GC heap after
{Heap after GC invocations=28 (full 0):
 garbage-first heap   total 222208K, used 115402K [0x0000000080000000, 0x0000000100000000)
  region size 1024K, 5 young (5120K), 5 survivors (5120K)
 Metaspace       used 92624K, committed 94720K, reserved 1179648K
  class space    used 12745K, committed 13760K, reserved 1048576K
}
Event: 6.394 GC heap before
{Heap before GC invocations=28 (full 0):
 garbage-first heap   total 222208K, used 158410K [0x0000000080000000, 0x0000000100000000)
  region size 1024K, 48 young (49152K), 5 survivors (5120K)
 Metaspace       used 96153K, committed 98240K, reserved 1179648K
  class space    used 13244K, committed 14272K, reserved 1048576K
}
Event: 6.397 GC heap after
{Heap after GC invocations=29 (full 0):
 garbage-first heap   total 222208K, used 116836K [0x0000000080000000, 0x0000000100000000)
  region size 1024K, 7 young (7168K), 7 survivors (7168K)
 Metaspace       used 96153K, committed 98240K, reserved 1179648K
  class space    used 13244K, committed 14272K, reserved 1048576K
}
Event: 6.938 GC heap before
{Heap before GC invocations=30 (full 0):
 garbage-first heap   total 222208K, used 213092K [0x0000000080000000, 0x0000000100000000)
  region size 1024K, 88 young (90112K), 7 survivors (7168K)
 Metaspace       used 101997K, committed 104192K, reserved 1179648K
  class space    used 14071K, committed 15168K, reserved 1048576K
}
Event: 6.944 GC heap after
{Heap after GC invocations=31 (full 0):
 garbage-first heap   total 230400K, used 139542K [0x0000000080000000, 0x0000000100000000)
  region size 1024K, 11 young (11264K), 11 survivors (11264K)
 Metaspace       used 101997K, committed 104192K, reserved 1179648K
  class space    used 14071K, committed 15168K, reserved 1048576K
}
Event: 7.239 GC heap before
{Heap before GC invocations=31 (full 0):
 garbage-first heap   total 230400K, used 206102K [0x0000000080000000, 0x0000000100000000)
  region size 1024K, 76 young (77824K), 11 survivors (11264K)
 Metaspace       used 101999K, committed 104192K, reserved 1179648K
  class space    used 14071K, committed 15168K, reserved 1048576K
}
Event: 7.244 GC heap after
{Heap after GC invocations=32 (full 0):
 garbage-first heap   total 230400K, used 141462K [0x0000000080000000, 0x0000000100000000)
  region size 1024K, 5 young (5120K), 5 survivors (5120K)
 Metaspace       used 101999K, committed 104192K, reserved 1179648K
  class space    used 14071K, committed 15168K, reserved 1048576K
}
Event: 7.518 GC heap before
{Heap before GC invocations=32 (full 0):
 garbage-first heap   total 230400K, used 212118K [0x0000000080000000, 0x0000000100000000)
  region size 1024K, 74 young (75776K), 5 survivors (5120K)
 Metaspace       used 101999K, committed 104192K, reserved 1179648K
  class space    used 14071K, committed 15168K, reserved 1048576K
}

