# JRE version: OpenJDK Runtime Environment (21.0.3) (build 21.0.3+-12282718-b509.11)
# Java VM: OpenJDK 64-Bit Server VM (21.0.3+-12282718-b509.11, mixed mode, tiered, compressed oops, compressed class ptrs, g1 gc, windows-amd64)
GC Precious Log:
 CardTable entry size: 512
 Card Set container configuration: InlinePtr #cards 5 size 8 Array Of Cards #cards 12 size 40 Howl #buckets 4 coarsen threshold 1843 Howl Bitmap #cards 512 size 80 coarsen threshold 460 Card regions per heap region 1 cards per card region 2048
 CPUs: 12 total, 12 available
 Memory: 16122M
 Large Page Support: Disabled
 NUMA Support: Disabled
 Compressed Oops: Enabled (32-bit)
 Heap Region Size: 1M
 Heap Min Capacity: 8M
 Heap Initial Capacity: 252M
 Heap Max Capacity: 2G
 Pre-touch: Disabled
 Parallel Workers: 10
 Concurrent Workers: 3
 Concurrent Refinement Workers: 10
 Periodic GC: Disabled
Heap:
 garbage-first heap   total 247808K, used 194780K [0x0000000080000000, 0x0000000100000000)
  region size 1024K, 58 young (59392K), 4 survivors (4096K)
 Metaspace       used 101978K, committed 104192K, reserved 1179648K
  class space    used 14063K, committed 15168K, reserved 1048576K
GC Heap History (20 events):
Event: 4.821 GC heap before
{Heap before GC invocations=21 (full 0):
 garbage-first heap   total 184320K, used 163873K [0x0000000080000000, 0x0000000100000000)
  region size 1024K, 74 young (75776K), 5 survivors (5120K)
 Metaspace       used 75056K, committed 76928K, reserved 1179648K
  class space    used 10290K, committed 11200K, reserved 1048576K
}
Event: 4.824 GC heap after
{Heap after GC invocations=22 (full 0):
 garbage-first heap   total 184320K, used 99572K [0x0000000080000000, 0x0000000100000000)
  region size 1024K, 10 young (10240K), 10 survivors (10240K)
 Metaspace       used 75056K, committed 76928K, reserved 1179648K
  class space    used 10290K, committed 11200K, reserved 1048576K
}
Event: 5.215 GC heap before
{Heap before GC invocations=22 (full 0):
 garbage-first heap   total 184320K, used 161012K [0x0000000080000000, 0x0000000100000000)
  region size 1024K, 69 young (70656K), 10 survivors (10240K)
 Metaspace       used 81859K, committed 83840K, reserved 1179648K
  class space    used 11148K, committed 12160K, reserved 1048576K
}
Event: 5.220 GC heap after
{Heap after GC invocations=23 (full 0):
 garbage-first heap   total 184320K, used 103941K [0x0000000080000000, 0x0000000100000000)
  region size 1024K, 4 young (4096K), 4 survivors (4096K)
 Metaspace       used 81859K, committed 83840K, reserved 1179648K
  class space    used 11148K, committed 12160K, reserved 1048576K
}
Event: 5.224 GC heap before
{Heap before GC invocations=23 (full 0):
 garbage-first heap   total 184320K, used 105989K [0x0000000080000000, 0x0000000100000000)
  region size 1024K, 7 young (7168K), 4 survivors (4096K)
 Metaspace       used 81859K, committed 83840K, reserved 1179648K
  class space    used 11148K, committed 12160K, reserved 1048576K
}
Event: 5.227 GC heap after
{Heap after GC invocations=24 (full 0):
 garbage-first heap   total 184320K, used 105477K [0x0000000080000000, 0x0000000100000000)
  region size 1024K, 6 young (6144K), 6 survivors (6144K)
 Metaspace       used 81859K, committed 83840K, reserved 1179648K
  class space    used 11148K, committed 12160K, reserved 1048576K
}
Event: 5.484 GC heap before
{Heap before GC invocations=25 (full 0):
 garbage-first heap   total 196608K, used 155653K [0x0000000080000000, 0x0000000100000000)
  region size 1024K, 51 young (52224K), 6 survivors (6144K)
 Metaspace       used 84727K, committed 86720K, reserved 1179648K
  class space    used 11543K, committed 12544K, reserved 1048576K
}
Event: 5.487 GC heap after
{Heap after GC invocations=26 (full 0):
 garbage-first heap   total 196608K, used 107589K [0x0000000080000000, 0x0000000100000000)
  region size 1024K, 4 young (4096K), 4 survivors (4096K)
 Metaspace       used 84727K, committed 86720K, reserved 1179648K
  class space    used 11543K, committed 12544K, reserved 1048576K
}
Event: 5.773 GC heap before
{Heap before GC invocations=26 (full 0):
 garbage-first heap   total 196608K, used 163909K [0x0000000080000000, 0x0000000100000000)
  region size 1024K, 59 young (60416K), 4 survivors (4096K)
 Metaspace       used 87915K, committed 89856K, reserved 1179648K
  class space    used 11946K, committed 12928K, reserved 1048576K
}
Event: 5.777 GC heap after
{Heap after GC invocations=27 (full 0):
 garbage-first heap   total 196608K, used 111079K [0x0000000080000000, 0x0000000100000000)
  region size 1024K, 8 young (8192K), 8 survivors (8192K)
 Metaspace       used 87915K, committed 89856K, reserved 1179648K
  class space    used 11946K, committed 12928K, reserved 1048576K
}
Event: 5.869 GC heap before
{Heap before GC invocations=27 (full 0):
 garbage-first heap   total 196608K, used 131559K [0x0000000080000000, 0x0000000100000000)
  region size 1024K, 29 young (29696K), 8 survivors (8192K)
 Metaspace       used 89441K, committed 91456K, reserved 1179648K
  class space    used 12164K, committed 13184K, reserved 1048576K
}
Event: 5.872 GC heap after
{Heap after GC invocations=28 (full 0):
 garbage-first heap   total 196608K, used 113080K [0x0000000080000000, 0x0000000100000000)
  region size 1024K, 2 young (2048K), 2 survivors (2048K)
 Metaspace       used 89441K, committed 91456K, reserved 1179648K
  class space    used 12164K, committed 13184K, reserved 1048576K
}
Event: 6.204 GC heap before
{Heap before GC invocations=29 (full 0):
 garbage-first heap   total 196608K, used 173496K [0x0000000080000000, 0x0000000100000000)
  region size 1024K, 60 young (61440K), 2 survivors (2048K)
 Metaspace       used 94097K, committed 96192K, reserved 1179648K
  class space    used 12954K, committed 14016K, reserved 1048576K
}
Event: 6.207 GC heap after
{Heap after GC invocations=30 (full 0):
 garbage-first heap   total 196608K, used 114571K [0x0000000080000000, 0x0000000100000000)
  region size 1024K, 4 young (4096K), 4 survivors (4096K)
 Metaspace       used 94097K, committed 96192K, reserved 1179648K
  class space    used 12954K, committed 14016K, reserved 1048576K
}
Event: 6.617 GC heap before
{Heap before GC invocations=30 (full 0):
 garbage-first heap   total 196608K, used 188299K [0x0000000080000000, 0x0000000100000000)
  region size 1024K, 63 young (64512K), 4 survivors (4096K)
 Metaspace       used 100171K, committed 102336K, reserved 1179648K
  class space    used 13817K, committed 14912K, reserved 1048576K
}
Event: 6.622 GC heap after
{Heap after GC invocations=31 (full 0):
 garbage-first heap   total 201728K, used 133978K [0x0000000080000000, 0x0000000100000000)
  region size 1024K, 8 young (8192K), 8 survivors (8192K)
 Metaspace       used 100171K, committed 102336K, reserved 1179648K
  class space    used 13817K, committed 14912K, reserved 1048576K
}
Event: 6.860 GC heap before
{Heap before GC invocations=31 (full 0):
 garbage-first heap   total 201728K, used 182106K [0x0000000080000000, 0x0000000100000000)
  region size 1024K, 55 young (56320K), 8 survivors (8192K)
 Metaspace       used 101978K, committed 104192K, reserved 1179648K
  class space    used 14063K, committed 15168K, reserved 1048576K
}
Event: 6.864 GC heap after
{Heap after GC invocations=32 (full 0):
 garbage-first heap   total 201728K, used 138823K [0x0000000080000000, 0x0000000100000000)
  region size 1024K, 5 young (5120K), 5 survivors (5120K)
 Metaspace       used 101978K, committed 104192K, reserved 1179648K
  class space    used 14063K, committed 15168K, reserved 1048576K
}
Event: 7.005 GC heap before
{Heap before GC invocations=33 (full 0):
 garbage-first heap   total 247808K, used 182855K [0x0000000080000000, 0x0000000100000000)
  region size 1024K, 48 young (49152K), 5 survivors (5120K)
 Metaspace       used 101978K, committed 104192K, reserved 1179648K
  class space    used 14063K, committed 15168K, reserved 1048576K
}
Event: 7.008 GC heap after
{Heap after GC invocations=34 (full 0):
 garbage-first heap   total 247808K, used 140508K [0x0000000080000000, 0x0000000100000000)
  region size 1024K, 4 young (4096K), 4 survivors (4096K)
 Metaspace       used 101978K, committed 104192K, reserved 1179648K
  class space    used 14063K, committed 15168K, reserved 1048576K
}

